AndroidStudioProjects/Firebase/app/build/intermediates/manifest_merge_blame_file/debug/manifest-merger-blame-debug-report.txt
1<?xml version="1.0" encoding="utf-8"?>
2<manifest xmlns:android="http://schemas.android.com/apk/res/android"
3    package="com.example.firebase"
4    android:versionCode="1"
5    android:versionName="1.0" >
6
7    <uses-sdk
8        android:minSdkVersion="21"
8-->src/main/AndroidManifest.xml
9        android:targetSdkVersion="29" />
9-->src/main/AndroidManifest.xml
10
11    <!-- Although the *SdkVersion is captured in gradle build files, this is required for non gradle builds -->
12    <!-- <uses-sdk android:minSdkVersion="14"/> -->
13    <uses-permission android:name="android.permission.ACCESS_NETWORK_STATE" />
13-->[com.google.firebase:firebase-database:19.3.0] AndroidManifest.xml:25:5-79
13-->[com.google.firebase:firebase-database:19.3.0] AndroidManifest.xml:25:22-76
14    <uses-permission android:name="android.permission.INTERNET" />
14-->[com.google.firebase:firebase-database:19.3.0] AndroidManifest.xml:26:5-67
14-->[com.google.firebase:firebase-database:19.3.0] AndroidManifest.xml:26:22-64
15    <uses-permission android:name="android.permission.WAKE_LOCK" />
15-->[com.google.android.gms:play-services-measurement:17.2.2] AndroidManifest.xml:25:5-68
15-->[com.google.android.gms:play-services-measurement:17.2.2] AndroidManifest.xml:25:22-65
16    <uses-permission android:name="com.google.android.finsky.permission.BIND_GET_INSTALL_REFERRER_SERVICE" /> <!-- Required by older versions of Google Play services to create IID tokens -->
16-->[com.google.android.gms:play-services-measurement:17.2.2] AndroidManifest.xml:26:5-110
16-->[com.google.android.gms:play-services-measurement:17.2.2] AndroidManifest.xml:26:22-107
17    <uses-permission android:name="com.google.android.c2dm.permission.RECEIVE" />
17-->[com.google.firebase:firebase-iid:20.0.2] AndroidManifest.xml:26:5-82
17-->[com.google.firebase:firebase-iid:20.0.2] AndroidManifest.xml:26:22-79
18
19    <application
19-->src/main/AndroidManifest.xml:5:5-25:19
20        android:allowBackup="true"
20-->src/main/AndroidManifest.xml:6:9-35
21        android:appComponentFactory="androidx.core.app.CoreComponentFactory"
21-->[androidx.core:core:1.1.0] AndroidManifest.xml:24:18-86
22        android:debuggable="true"
23        android:icon="@mipmap/ic_launcher"
23-->src/main/AndroidManifest.xml:7:9-43
24        android:label="@string/app_name"
24-->src/main/AndroidManifest.xml:8:9-41
25        android:roundIcon="@mipmap/ic_launcher_round"
25-->src/main/AndroidManifest.xml:9:9-54
26        android:supportsRtl="true"
26-->src/main/AndroidManifest.xml:10:9-35
27        android:testOnly="true"
28        android:theme="@style/AppTheme" >
28-->src/main/AndroidManifest.xml:11:9-40
29        <activity android:name="com.example.firebase.LoginActivity" />
29-->src/main/AndroidManifest.xml:12:9-60
29-->src/main/AndroidManifest.xml:12:19-48
30        <activity android:name="com.example.firebase.MainActivity" />
30-->src/main/AndroidManifest.xml:13:9-50
30-->src/main/AndroidManifest.xml:13:19-47
31        <activity android:name="com.example.firebase.RegisterActivity" />
31-->src/main/AndroidManifest.xml:14:9-54
31-->src/main/AndroidManifest.xml:14:19-51
32        <activity
32-->src/main/AndroidManifest.xml:15:9-17:60
33            android:name="com.example.firebase.ui.login.LoginActivity"
33-->src/main/AndroidManifest.xml:16:13-51
34            android:label="@string/title_activity_login" />
34-->src/main/AndroidManifest.xml:17:13-57
35        <activity android:name="com.example.firebase.StartActivity" >
35-->src/main/AndroidManifest.xml:18:9-24:20
35-->src/main/AndroidManifest.xml:18:19-48
36            <intent-filter>
36-->src/main/AndroidManifest.xml:19:13-23:29
37                <action android:name="android.intent.action.MAIN" />
37-->src/main/AndroidManifest.xml:20:17-69
37-->src/main/AndroidManifest.xml:20:25-66
38
39                <category android:name="android.intent.category.LAUNCHER" />
39-->src/main/AndroidManifest.xml:22:17-77
39-->src/main/AndroidManifest.xml:22:27-74
40            </intent-filter>
41        </activity>
42
43        <service
43-->[com.google.firebase:firebase-database:19.3.0] AndroidManifest.xml:29:9-35:19
44            android:name="com.google.firebase.components.ComponentDiscoveryService"
44-->[com.google.firebase:firebase-database:19.3.0] AndroidManifest.xml:30:13-84
45            android:directBootAware="true"
45-->[com.google.firebase:firebase-common:19.3.0] AndroidManifest.xml:34:13-43
46            android:exported="false" >
46-->[com.google.firebase:firebase-database:19.3.0] AndroidManifest.xml:31:13-37
47            <meta-data
47-->[com.google.firebase:firebase-database:19.3.0] AndroidManifest.xml:32:13-34:85
48                android:name="com.google.firebase.components:com.google.firebase.database.DatabaseRegistrar"
48-->[com.google.firebase:firebase-database:19.3.0] AndroidManifest.xml:33:17-109
49                android:value="com.google.firebase.components.ComponentRegistrar" />
49-->[com.google.firebase:firebase-database:19.3.0] AndroidManifest.xml:34:17-82
50            <meta-data
50-->[com.google.firebase:firebase-auth:19.3.1] AndroidManifest.xml:36:13-38:85
51                android:name="com.google.firebase.components:com.google.firebase.auth.FirebaseAuthRegistrar"
51-->[com.google.firebase:firebase-auth:19.3.1] AndroidManifest.xml:37:17-109
52                android:value="com.google.firebase.components.ComponentRegistrar" />
52-->[com.google.firebase:firebase-auth:19.3.1] AndroidManifest.xml:38:17-82
53            <meta-data
53-->[com.google.android.gms:play-services-measurement-api:17.2.2] AndroidManifest.xml:30:13-32:85
54                android:name="com.google.firebase.components:com.google.firebase.analytics.connector.internal.AnalyticsConnectorRegistrar"
54-->[com.google.android.gms:play-services-measurement-api:17.2.2] AndroidManifest.xml:31:17-139
55                android:value="com.google.firebase.components.ComponentRegistrar" />
55-->[com.google.android.gms:play-services-measurement-api:17.2.2] AndroidManifest.xml:32:17-82
56            <meta-data
56-->[com.google.firebase:firebase-iid:20.0.2] AndroidManifest.xml:32:13-34:85
57                android:name="com.google.firebase.components:com.google.firebase.iid.Registrar"
57-->[com.google.firebase:firebase-iid:20.0.2] AndroidManifest.xml:33:17-96
58                android:value="com.google.firebase.components.ComponentRegistrar" />
58-->[com.google.firebase:firebase-iid:20.0.2] AndroidManifest.xml:34:17-82
59        </service>
60
61        <activity
61-->[com.google.firebase:firebase-auth:19.3.1] AndroidManifest.xml:24:9-31:50
62            android:name="com.google.firebase.auth.internal.FederatedSignInActivity"
62-->[com.google.firebase:firebase-auth:19.3.1] AndroidManifest.xml:25:13-85
63            android:excludeFromRecents="true"
63-->[com.google.firebase:firebase-auth:19.3.1] AndroidManifest.xml:26:13-46
64            android:exported="true"
64-->[com.google.firebase:firebase-auth:19.3.1] AndroidManifest.xml:27:13-36
65            android:launchMode="singleTask"
65-->[com.google.firebase:firebase-auth:19.3.1] AndroidManifest.xml:28:13-44
66            android:permission="com.google.firebase.auth.api.gms.permission.LAUNCH_FEDERATED_SIGN_IN"
66-->[com.google.firebase:firebase-auth:19.3.1] AndroidManifest.xml:29:13-102
67            android:theme="@android:style/Theme.Translucent.NoTitleBar" />
67-->[com.google.firebase:firebase-auth:19.3.1] AndroidManifest.xml:30:13-72
68
69        <receiver
69-->[com.google.android.gms:play-services-measurement:17.2.2] AndroidManifest.xml:29:9-33:20
70            android:name="com.google.android.gms.measurement.AppMeasurementReceiver"
70-->[com.google.android.gms:play-services-measurement:17.2.2] AndroidManifest.xml:30:13-85
71            android:enabled="true"
71-->[com.google.android.gms:play-services-measurement:17.2.2] AndroidManifest.xml:31:13-35
72            android:exported="false" >
72-->[com.google.android.gms:play-services-measurement:17.2.2] AndroidManifest.xml:32:13-37
73        </receiver>
74        <receiver
74-->[com.google.android.gms:play-services-measurement:17.2.2] AndroidManifest.xml:34:9-42:20
75            android:name="com.google.android.gms.measurement.AppMeasurementInstallReferrerReceiver"
75-->[com.google.android.gms:play-services-measurement:17.2.2] AndroidManifest.xml:35:13-100
76            android:enabled="true"
76-->[com.google.android.gms:play-services-measurement:17.2.2] AndroidManifest.xml:36:13-35
77            android:exported="true"
77-->[com.google.android.gms:play-services-measurement:17.2.2] AndroidManifest.xml:37:13-36
78            android:permission="android.permission.INSTALL_PACKAGES" >
78-->[com.google.android.gms:play-services-measurement:17.2.2] AndroidManifest.xml:38:13-69
79            <intent-filter>
79-->[com.google.android.gms:play-services-measurement:17.2.2] AndroidManifest.xml:39:13-41:29
80                <action android:name="com.android.vending.INSTALL_REFERRER" />
80-->[com.google.android.gms:play-services-measurement:17.2.2] AndroidManifest.xml:40:17-79
80-->[com.google.android.gms:play-services-measurement:17.2.2] AndroidManifest.xml:40:25-76
81            </intent-filter>
82        </receiver>
83
84        <service
84-->[com.google.android.gms:play-services-measurement:17.2.2] AndroidManifest.xml:44:9-47:40
85            android:name="com.google.android.gms.measurement.AppMeasurementService"
85-->[com.google.android.gms:play-services-measurement:17.2.2] AndroidManifest.xml:45:13-84
86            android:enabled="true"
86-->[com.google.android.gms:play-services-measurement:17.2.2] AndroidManifest.xml:46:13-35
87            android:exported="false" />
87-->[com.google.android.gms:play-services-measurement:17.2.2] AndroidManifest.xml:47:13-37
88        <service
88-->[com.google.android.gms:play-services-measurement:17.2.2] AndroidManifest.xml:48:9-52:72
89            android:name="com.google.android.gms.measurement.AppMeasurementJobService"
89-->[com.google.android.gms:play-services-measurement:17.2.2] AndroidManifest.xml:49:13-87
90            android:enabled="true"
90-->[com.google.android.gms:play-services-measurement:17.2.2] AndroidManifest.xml:50:13-35
91            android:exported="false"
91-->[com.google.android.gms:play-services-measurement:17.2.2] AndroidManifest.xml:51:13-37
92            android:permission="android.permission.BIND_JOB_SERVICE" />
92-->[com.google.android.gms:play-services-measurement:17.2.2] AndroidManifest.xml:52:13-69
93
94        <receiver
94-->[com.google.firebase:firebase-iid:20.0.2] AndroidManifest.xml:37:9-44:20
95            android:name="com.google.firebase.iid.FirebaseInstanceIdReceiver"
95-->[com.google.firebase:firebase-iid:20.0.2] AndroidManifest.xml:38:13-78
96            android:exported="true"
96-->[com.google.firebase:firebase-iid:20.0.2] AndroidManifest.xml:39:13-36
97            android:permission="com.google.android.c2dm.permission.SEND" >
97-->[com.google.firebase:firebase-iid:20.0.2] AndroidManifest.xml:40:13-73
98            <intent-filter>
98-->[com.google.firebase:firebase-iid:20.0.2] AndroidManifest.xml:41:13-43:29
99                <action android:name="com.google.android.c2dm.intent.RECEIVE" />
99-->[com.google.firebase:firebase-iid:20.0.2] AndroidManifest.xml:42:17-81
99-->[com.google.firebase:firebase-iid:20.0.2] AndroidManifest.xml:42:25-78
100            </intent-filter>
101        </receiver>
102
103        <provider
103-->[com.google.firebase:firebase-common:19.3.0] AndroidManifest.xml:26:9-30:39
104            android:name="com.google.firebase.provider.FirebaseInitProvider"
104-->[com.google.firebase:firebase-common:19.3.0] AndroidManifest.xml:27:13-77
105            android:authorities="com.example.firebase.firebaseinitprovider"
105-->[com.google.firebase:firebase-common:19.3.0] AndroidManifest.xml:28:13-72
106            android:exported="false"
106-->[com.google.firebase:firebase-common:19.3.0] AndroidManifest.xml:29:13-37
107            android:initOrder="100" />
107-->[com.google.firebase:firebase-common:19.3.0] AndroidManifest.xml:30:13-36
108
109        <activity
109-->[com.google.android.gms:play-services-base:17.1.0] AndroidManifest.xml:23:9-26:75
110            android:name="com.google.android.gms.common.api.GoogleApiActivity"
110-->[com.google.android.gms:play-services-base:17.1.0] AndroidManifest.xml:24:13-79
111            android:exported="false"
111-->[com.google.android.gms:play-services-base:17.1.0] AndroidManifest.xml:25:13-37
112            android:theme="@android:style/Theme.Translucent.NoTitleBar" />
112-->[com.google.android.gms:play-services-base:17.1.0] AndroidManifest.xml:26:13-72
113
114        <meta-data
114-->[com.google.android.gms:play-services-basement:17.0.0] AndroidManifest.xml:23:9-25:69
115            android:name="com.google.android.gms.version"
115-->[com.google.android.gms:play-services-basement:17.0.0] AndroidManifest.xml:24:13-58
116            android:value="@integer/google_play_services_version" />
116-->[com.google.android.gms:play-services-basement:17.0.0] AndroidManifest.xml:25:13-66
117
118        <provider
118-->[androidx.lifecycle:lifecycle-process:2.1.0] AndroidManifest.xml:23:9-27:43
119            android:name="androidx.lifecycle.ProcessLifecycleOwnerInitializer"
119-->[androidx.lifecycle:lifecycle-process:2.1.0] AndroidManifest.xml:24:13-79
120            android:authorities="com.example.firebase.lifecycle-process"
120-->[androidx.lifecycle:lifecycle-process:2.1.0] AndroidManifest.xml:25:13-69
121            android:exported="false"
121-->[androidx.lifecycle:lifecycle-process:2.1.0] AndroidManifest.xml:26:13-37
122            android:multiprocess="true" />
122-->[androidx.lifecycle:lifecycle-process:2.1.0] AndroidManifest.xml:27:13-40
123    </application>
124
125</manifest>